<?xml version="1.0" encoding="UTF-8"?>
<testsuite name="baseline.EmployeeTest" tests="1" skipped="0" failures="0" errors="0" timestamp="2021-11-24T00:10:51" hostname="DESKTOP-HMBL2LR" time="0.012">
  <properties/>
  <testcase name="search()" classname="baseline.EmployeeTest" time="0.012"/>
  <system-out><![CDATA[]]></system-out>
  <system-err><![CDATA[]]></system-err>
</testsuite>
