<?xml version="1.0" encoding="UTF-8"?>
<testsuite name="baseline.PasswordGeneratorTest" tests="3" skipped="0" failures="0" errors="0" timestamp="2021-11-23T18:28:08" hostname="DESKTOP-HMBL2LR" time="0.012">
  <properties/>
  <testcase name="fillWithNums()" classname="baseline.PasswordGeneratorTest" time="0.01"/>
  <testcase name="fillWithRandomSpecials()" classname="baseline.PasswordGeneratorTest" time="0.0"/>
  <testcase name="initLength()" classname="baseline.PasswordGeneratorTest" time="0.001"/>
  <system-out><![CDATA[]]></system-out>
  <system-err><![CDATA[]]></system-err>
</testsuite>
