<?xml version="1.0" encoding="UTF-8"?>
<testsuite name="baseline.EmployeeTest" tests="1" skipped="0" failures="0" errors="0" timestamp="2021-11-23T20:01:55" hostname="DESKTOP-HMBL2LR" time="0.009">
  <properties/>
  <testcase name="init()" classname="baseline.EmployeeTest" time="0.009"/>
  <system-out><![CDATA[]]></system-out>
  <system-err><![CDATA[]]></system-err>
</testsuite>
